
Error processing line 1 of /opt/miniconda310/lib/python3.10/site-packages/distutils-precedence.pth:

Fatal Python error: init_import_site: Failed to import the site module
Python runtime state: initialized
Traceback (most recent call last):
  File "/opt/miniconda310/lib/python3.10/site.py", line 186, in addpackage
  File "<string>", line 1, in <module>
ModuleNotFoundError: No module named '_distutils_hack'

During handling of the above exception, another exception occurred:

Traceback (most recent call last):
  File "/opt/miniconda310/lib/python3.10/site.py", line 617, in <module>
  File "/opt/miniconda310/lib/python3.10/site.py", line 604, in main
  File "/opt/miniconda310/lib/python3.10/site.py", line 387, in addsitepackages
  File "/opt/miniconda310/lib/python3.10/site.py", line 226, in addsitedir
  File "/opt/miniconda310/lib/python3.10/site.py", line 196, in addpackage
ModuleNotFoundError: No module named 'traceback'
Traceback (most recent call last):
  File "/nfs/student/matsche/QAOA/test_problem_optimal.py", line 1, in <module>
    from QAOA_Tester import ProblemGenerator, QuantumOptimizer, StatevectorEstimatorBackend
  File "/nfs/student/matsche/QAOA/QAOA_Tester/__init__.py", line 1, in <module>
    from .Backend import Backend, StatevectorEstimatorBackend, StatevectorSimulatorBackend, NoiseModelBackend, NoisyEstimatorBackend
  File "/nfs/student/matsche/QAOA/QAOA_Tester/Backend.py", line 1, in <module>
    from qiskit_aer import StatevectorSimulator
ModuleNotFoundError: No module named 'qiskit_aer'
